<?xml version="1.0" encoding="UTF-8"?>
<testsuite name="UserRegisTest" tests="1" skipped="0" failures="0" errors="0" timestamp="2021-08-03T18:40:02" hostname="DESKTOP-KLF40L0" time="0.016">
  <properties/>
  <testcase name="givenPassword_WhenNotValid_ShouldReturnFalse" classname="UserRegisTest" time="0.016"/>
  <system-out><![CDATA[please enter valid first Name.
]]></system-out>
  <system-err><![CDATA[]]></system-err>
</testsuite>
